c:\users\gabri\onedrive\desktop\netlabtau\netlab\debug\netlabtau.bsc
c:\users\gabri\onedrive\desktop\netlabtau\netlab\debug\netlabtau.pdb
c:\users\gabri\onedrive\desktop\netlabtau\netlab\debug\netlabtau.idb
c:\users\gabri\onedrive\desktop\netlabtau\netlab\debug\l2_arp_impl.sbr
c:\users\gabri\onedrive\desktop\netlabtau\netlab\debug\l2_impl.sbr
c:\users\gabri\onedrive\desktop\netlabtau\netlab\debug\main.sbr
c:\users\gabri\onedrive\desktop\netlabtau\netlab\debug\addressrange.sbr
c:\users\gabri\onedrive\desktop\netlabtau\netlab\debug\catchmemoryleak.sbr
c:\users\gabri\onedrive\desktop\netlabtau\netlab\debug\ipv4address.sbr
c:\users\gabri\onedrive\desktop\netlabtau\netlab\debug\l0_buffer.sbr
c:\users\gabri\onedrive\desktop\netlabtau\netlab\debug\l3_impl.sbr
c:\users\gabri\onedrive\desktop\netlabtau\netlab\debug\l4_icmp_sol.sbr
c:\users\gabri\onedrive\desktop\netlabtau\netlab\debug\l4_tcp_sol.sbr
c:\users\gabri\onedrive\desktop\netlabtau\netlab\debug\l5_sol.sbr
c:\users\gabri\onedrive\desktop\netlabtau\netlab\debug\netlab_testing.ilk
c:\users\gabri\onedrive\desktop\netlabtau\netlab\debug\sniffer.idb
c:\users\gabri\onedrive\desktop\netlabtau\netlab\debug\gtest.pdb
c:\users\gabri\onedrive\desktop\netlabtau\netlab\debug\gtest_main.pdb
c:\users\gabri\onedrive\desktop\netlabtau\netlab\debug\netlab_testing.pdb
c:\users\gabri\onedrive\desktop\netlabtau\netlab\debug\sniffer.pdb
c:\users\gabri\onedrive\desktop\netlabtau\netlab\debug\sniffer.bsc
c:\users\gabri\onedrive\desktop\netlabtau\netlab\debug\inet_os.sbr
c:\users\gabri\onedrive\desktop\netlabtau\netlab\debug\main2.sbr
c:\users\gabri\onedrive\desktop\netlabtau\netlab\debug\networkinterface.sbr
c:\users\gabri\onedrive\desktop\netlabtau\netlab\debug\nic_cable.sbr
c:\users\gabri\onedrive\desktop\netlabtau\netlab\debug\packet_sender_adapter.sbr
c:\users\gabri\onedrive\desktop\netlabtau\netlab\debug\pcb.sbr
c:\users\gabri\onedrive\desktop\netlabtau\netlab\debug\print.sbr
c:\users\gabri\onedrive\desktop\netlabtau\netlab\debug\protosw.sbr
c:\users\gabri\onedrive\desktop\netlabtau\netlab\debug\utils.sbr
c:\users\gabri\onedrive\desktop\netlabtau\netlab\debug\netlabtau.tlog\bscmake.command.1.tlog
c:\users\gabri\onedrive\desktop\netlabtau\netlab\debug\netlabtau.tlog\bscmake.read.1.tlog
c:\users\gabri\onedrive\desktop\netlabtau\netlab\debug\netlabtau.tlog\bscmake.write.1.tlog
c:\users\gabri\onedrive\desktop\netlabtau\netlab\debug\netlabtau.tlog\cl.command.1.tlog
c:\users\gabri\onedrive\desktop\netlabtau\netlab\debug\netlabtau.tlog\cl.items.tlog
c:\users\gabri\onedrive\desktop\netlabtau\netlab\debug\netlabtau.tlog\cl.read.1.tlog
c:\users\gabri\onedrive\desktop\netlabtau\netlab\debug\netlabtau.tlog\cl.write.1.tlog
c:\users\gabri\onedrive\desktop\netlabtau\netlab\debug\netlabtau.tlog\lib.command.1.tlog
