c:\users\gabri\onedrive\desktop\netlabtauproject\netlab\debug\sniffer.bsc
c:\users\gabri\onedrive\desktop\netlabtauproject\netlab\debug\sniffer.pdb
c:\users\gabri\onedrive\desktop\netlabtauproject\netlab\debug\sniffer.idb
c:\users\gabri\onedrive\desktop\netlabtauproject\netlab\sniffer\debug\address_range.sbr
c:\users\gabri\onedrive\desktop\netlabtauproject\netlab\sniffer\debug\arp.sbr
c:\users\gabri\onedrive\desktop\netlabtauproject\netlab\sniffer\debug\bootp.sbr
c:\users\gabri\onedrive\desktop\netlabtauproject\netlab\sniffer\debug\crypto.sbr
c:\users\gabri\onedrive\desktop\netlabtauproject\netlab\sniffer\debug\dhcp.sbr
c:\users\gabri\onedrive\desktop\netlabtauproject\netlab\sniffer\debug\dhcpv6.sbr
c:\users\gabri\onedrive\desktop\netlabtauproject\netlab\sniffer\debug\dns.sbr
c:\users\gabri\onedrive\desktop\netlabtauproject\netlab\sniffer\debug\dot11_assoc.sbr
c:\users\gabri\onedrive\desktop\netlabtauproject\netlab\sniffer\debug\dot11_auth.sbr
c:\users\gabri\onedrive\desktop\netlabtauproject\netlab\sniffer\debug\dot11_base.sbr
c:\users\gabri\onedrive\desktop\netlabtauproject\netlab\sniffer\debug\dot11_beacon.sbr
c:\users\gabri\onedrive\desktop\netlabtauproject\netlab\sniffer\debug\dot11_control.sbr
c:\users\gabri\onedrive\desktop\netlabtauproject\netlab\sniffer\debug\dot11_data.sbr
c:\users\gabri\onedrive\desktop\netlabtauproject\netlab\sniffer\debug\dot11_mgmt.sbr
c:\users\gabri\onedrive\desktop\netlabtauproject\netlab\sniffer\debug\dot11_probe.sbr
c:\users\gabri\onedrive\desktop\netlabtauproject\netlab\sniffer\debug\dot1q.sbr
c:\users\gabri\onedrive\desktop\netlabtauproject\netlab\sniffer\debug\dot3.sbr
c:\users\gabri\onedrive\desktop\netlabtauproject\netlab\sniffer\debug\eapol.sbr
c:\users\gabri\onedrive\desktop\netlabtauproject\netlab\sniffer\debug\ethernetii.sbr
c:\users\gabri\onedrive\desktop\netlabtauproject\netlab\sniffer\debug\handshake_capturer.sbr
c:\users\gabri\onedrive\desktop\netlabtauproject\netlab\sniffer\debug\handshake_capturer.obj
c:\users\gabri\onedrive\desktop\netlabtauproject\netlab\sniffer\debug\ethernetii.obj
c:\users\gabri\onedrive\desktop\netlabtauproject\netlab\sniffer\debug\eapol.obj
c:\users\gabri\onedrive\desktop\netlabtauproject\netlab\sniffer\debug\dot3.obj
c:\users\gabri\onedrive\desktop\netlabtauproject\netlab\sniffer\debug\dot1q.obj
c:\users\gabri\onedrive\desktop\netlabtauproject\netlab\sniffer\debug\dot11_probe.obj
c:\users\gabri\onedrive\desktop\netlabtauproject\netlab\sniffer\debug\dot11_mgmt.obj
c:\users\gabri\onedrive\desktop\netlabtauproject\netlab\sniffer\debug\dot11_data.obj
c:\users\gabri\onedrive\desktop\netlabtauproject\netlab\sniffer\debug\dot11_control.obj
c:\users\gabri\onedrive\desktop\netlabtauproject\netlab\sniffer\debug\dot11_beacon.obj
c:\users\gabri\onedrive\desktop\netlabtauproject\netlab\sniffer\debug\dot11_base.obj
c:\users\gabri\onedrive\desktop\netlabtauproject\netlab\sniffer\debug\dot11_auth.obj
c:\users\gabri\onedrive\desktop\netlabtauproject\netlab\sniffer\debug\dot11_assoc.obj
c:\users\gabri\onedrive\desktop\netlabtauproject\netlab\sniffer\debug\dns.obj
c:\users\gabri\onedrive\desktop\netlabtauproject\netlab\sniffer\debug\dhcpv6.obj
c:\users\gabri\onedrive\desktop\netlabtauproject\netlab\sniffer\debug\dhcp.obj
c:\users\gabri\onedrive\desktop\netlabtauproject\netlab\sniffer\debug\crypto.obj
c:\users\gabri\onedrive\desktop\netlabtauproject\netlab\sniffer\debug\bootp.obj
c:\users\gabri\onedrive\desktop\netlabtauproject\netlab\sniffer\debug\arp.obj
c:\users\gabri\onedrive\desktop\netlabtauproject\netlab\sniffer\debug\address_range.obj
c:\users\gabri\onedrive\desktop\netlabtauproject\netlab\sniffer\debug\icmp.sbr
c:\users\gabri\onedrive\desktop\netlabtauproject\netlab\sniffer\debug\icmpv6.sbr
c:\users\gabri\onedrive\desktop\netlabtauproject\netlab\sniffer\debug\internals.sbr
c:\users\gabri\onedrive\desktop\netlabtauproject\netlab\sniffer\debug\ip.sbr
c:\users\gabri\onedrive\desktop\netlabtauproject\netlab\sniffer\debug\ipsec.sbr
c:\users\gabri\onedrive\desktop\netlabtauproject\netlab\sniffer\debug\ipv6.sbr
c:\users\gabri\onedrive\desktop\netlabtauproject\netlab\sniffer\debug\ipv6_address.sbr
c:\users\gabri\onedrive\desktop\netlabtauproject\netlab\sniffer\debug\ip_address.sbr
c:\users\gabri\onedrive\desktop\netlabtauproject\netlab\sniffer\debug\ip_reassembler.sbr
c:\users\gabri\onedrive\desktop\netlabtauproject\netlab\sniffer\debug\llc.sbr
c:\users\gabri\onedrive\desktop\netlabtauproject\netlab\sniffer\debug\loopback.sbr
c:\users\gabri\onedrive\desktop\netlabtauproject\netlab\sniffer\debug\network_interface.sbr
c:\users\gabri\onedrive\desktop\netlabtauproject\netlab\sniffer\debug\offline_packet_filter.sbr
c:\users\gabri\onedrive\desktop\netlabtauproject\netlab\sniffer\debug\packet_sender.sbr
c:\users\gabri\onedrive\desktop\netlabtauproject\netlab\sniffer\debug\packet_writer.sbr
c:\users\gabri\onedrive\desktop\netlabtauproject\netlab\sniffer\debug\pdu.sbr
c:\users\gabri\onedrive\desktop\netlabtauproject\netlab\sniffer\debug\pktap.sbr
c:\users\gabri\onedrive\desktop\netlabtauproject\netlab\sniffer\debug\portscan.sbr
c:\users\gabri\onedrive\desktop\netlabtauproject\netlab\sniffer\debug\ppi.sbr
c:\users\gabri\onedrive\desktop\netlabtauproject\netlab\sniffer\debug\pppoe.sbr
c:\users\gabri\onedrive\desktop\netlabtauproject\netlab\sniffer\debug\pppoe.obj
c:\users\gabri\onedrive\desktop\netlabtauproject\netlab\sniffer\debug\ppi.obj
c:\users\gabri\onedrive\desktop\netlabtauproject\netlab\sniffer\debug\portscan.obj
c:\users\gabri\onedrive\desktop\netlabtauproject\netlab\sniffer\debug\pktap.obj
c:\users\gabri\onedrive\desktop\netlabtauproject\netlab\sniffer\debug\pdu.obj
c:\users\gabri\onedrive\desktop\netlabtauproject\netlab\sniffer\debug\packet_writer.obj
c:\users\gabri\onedrive\desktop\netlabtauproject\netlab\sniffer\debug\packet_sender.obj
c:\users\gabri\onedrive\desktop\netlabtauproject\netlab\sniffer\debug\offline_packet_filter.obj
c:\users\gabri\onedrive\desktop\netlabtauproject\netlab\sniffer\debug\network_interface.obj
c:\users\gabri\onedrive\desktop\netlabtauproject\netlab\sniffer\debug\loopback.obj
c:\users\gabri\onedrive\desktop\netlabtauproject\netlab\sniffer\debug\llc.obj
c:\users\gabri\onedrive\desktop\netlabtauproject\netlab\sniffer\debug\ip_reassembler.obj
c:\users\gabri\onedrive\desktop\netlabtauproject\netlab\sniffer\debug\ip_address.obj
c:\users\gabri\onedrive\desktop\netlabtauproject\netlab\sniffer\debug\ipv6_address.obj
c:\users\gabri\onedrive\desktop\netlabtauproject\netlab\sniffer\debug\ipv6.obj
c:\users\gabri\onedrive\desktop\netlabtauproject\netlab\sniffer\debug\ipsec.obj
c:\users\gabri\onedrive\desktop\netlabtauproject\netlab\sniffer\debug\ip.obj
c:\users\gabri\onedrive\desktop\netlabtauproject\netlab\sniffer\debug\internals.obj
c:\users\gabri\onedrive\desktop\netlabtauproject\netlab\sniffer\debug\icmpv6.obj
c:\users\gabri\onedrive\desktop\netlabtauproject\netlab\sniffer\debug\icmp.obj
c:\users\gabri\onedrive\desktop\netlabtauproject\netlab\sniffer\debug\radiotap.sbr
c:\users\gabri\onedrive\desktop\netlabtauproject\netlab\sniffer\debug\rawpdu.sbr
c:\users\gabri\onedrive\desktop\netlabtauproject\netlab\sniffer\debug\rsn_information.sbr
c:\users\gabri\onedrive\desktop\netlabtauproject\netlab\sniffer\debug\sll.sbr
c:\users\gabri\onedrive\desktop\netlabtauproject\netlab\sniffer\debug\snap.sbr
c:\users\gabri\onedrive\desktop\netlabtauproject\netlab\sniffer\debug\sniffer.sbr
c:\users\gabri\onedrive\desktop\netlabtauproject\netlab\sniffer\debug\stp.sbr
c:\users\gabri\onedrive\desktop\netlabtauproject\netlab\sniffer\debug\tcp.sbr
c:\users\gabri\onedrive\desktop\netlabtauproject\netlab\sniffer\debug\tcp_stream.sbr
c:\users\gabri\onedrive\desktop\netlabtauproject\netlab\sniffer\debug\udp.sbr
c:\users\gabri\onedrive\desktop\netlabtauproject\netlab\sniffer\debug\utils.sbr
c:\users\gabri\onedrive\desktop\netlabtauproject\netlab\sniffer\debug\utils.obj
c:\users\gabri\onedrive\desktop\netlabtauproject\netlab\sniffer\debug\udp.obj
c:\users\gabri\onedrive\desktop\netlabtauproject\netlab\sniffer\debug\tcp_stream.obj
c:\users\gabri\onedrive\desktop\netlabtauproject\netlab\sniffer\debug\tcp.obj
c:\users\gabri\onedrive\desktop\netlabtauproject\netlab\sniffer\debug\stp.obj
c:\users\gabri\onedrive\desktop\netlabtauproject\netlab\sniffer\debug\sniffer.obj
c:\users\gabri\onedrive\desktop\netlabtauproject\netlab\sniffer\debug\snap.obj
c:\users\gabri\onedrive\desktop\netlabtauproject\netlab\sniffer\debug\sll.obj
c:\users\gabri\onedrive\desktop\netlabtauproject\netlab\sniffer\debug\rsn_information.obj
c:\users\gabri\onedrive\desktop\netlabtauproject\netlab\sniffer\debug\rawpdu.obj
c:\users\gabri\onedrive\desktop\netlabtauproject\netlab\sniffer\debug\radiotap.obj
c:\users\gabri\onedrive\desktop\netlabtauproject\netlab\debug\sniffer.lib
c:\users\gabri\onedrive\desktop\netlabtauproject\netlab\sniffer\debug\sniffer.tlog\bscmake.command.1.tlog
c:\users\gabri\onedrive\desktop\netlabtauproject\netlab\sniffer\debug\sniffer.tlog\bscmake.read.1.tlog
c:\users\gabri\onedrive\desktop\netlabtauproject\netlab\sniffer\debug\sniffer.tlog\bscmake.write.1.tlog
c:\users\gabri\onedrive\desktop\netlabtauproject\netlab\sniffer\debug\sniffer.tlog\cl.command.1.tlog
c:\users\gabri\onedrive\desktop\netlabtauproject\netlab\sniffer\debug\sniffer.tlog\cl.items.tlog
c:\users\gabri\onedrive\desktop\netlabtauproject\netlab\sniffer\debug\sniffer.tlog\cl.read.1.tlog
c:\users\gabri\onedrive\desktop\netlabtauproject\netlab\sniffer\debug\sniffer.tlog\cl.write.1.tlog
c:\users\gabri\onedrive\desktop\netlabtauproject\netlab\sniffer\debug\sniffer.tlog\lib-link.read.1.tlog
c:\users\gabri\onedrive\desktop\netlabtauproject\netlab\sniffer\debug\sniffer.tlog\lib-link.write.1.tlog
c:\users\gabri\onedrive\desktop\netlabtauproject\netlab\sniffer\debug\sniffer.tlog\lib.command.1.tlog
